/*C11*/SET SCHEMA PUBLIC
DISCONNECT
/*C12*/SET SCHEMA PUBLIC
alter table ROLLEN drop constraint FK_bsd4je1xprfv5yvbg4gi8bfk7
drop table BENUTZER if exists
drop table FILES if exists
drop table ROLLEN if exists
create table BENUTZER (userID bigint generated by default as identity (start with 1), EMAIL varchar(255) not null, ENABLED boolean not null, GESCHLECHT integer, HAUSNR varchar(255), NACHNAME varchar(255), PASSWORT varchar(255) not null, PLZ integer, STADT varchar(255), STRASSE varchar(255), TELNR varchar(255), VORNAME varchar(255), primary key (userID))
create table FILES (fileID bigint generated by default as identity (start with 1), assID bigint, fileContent blob(255), TYPE integer, primary key (fileID))
create table ROLLEN (ID bigint generated by default as identity (start with 1), ROLLE integer, userID bigint, primary key (ID))
alter table BENUTZER add constraint UK_3idpbmmnqq9i5uw1gs4caxcrw  unique (EMAIL)
alter table ROLLEN add constraint UK_qiircfbav49c6ggdwof4ce11l  unique (ROLLE, ID)
alter table ROLLEN add constraint FK_bsd4je1xprfv5yvbg4gi8bfk7 foreign key (userID) references BENUTZER
DISCONNECT
/*C13*/SET SCHEMA PUBLIC
DISCONNECT
/*C14*/SET SCHEMA PUBLIC
DISCONNECT
/*C15*/SET SCHEMA PUBLIC
DISCONNECT
/*C16*/SET SCHEMA PUBLIC
DISCONNECT
/*C17*/SET SCHEMA PUBLIC
DISCONNECT
/*C18*/SET SCHEMA PUBLIC
DISCONNECT
/*C19*/SET SCHEMA PUBLIC
DISCONNECT
/*C20*/SET SCHEMA PUBLIC
DISCONNECT
/*C21*/SET SCHEMA PUBLIC
INSERT INTO ROLLEN VALUES(1,0,NULL)
COMMIT
DISCONNECT
/*C22*/SET SCHEMA PUBLIC
INSERT INTO BENUTZER VALUES(1,'maggie@simpson.de',TRUE,0,'123','Simpson','$2a$10$uUxxJXovzBJGngnC.0JYu.1n7/rmzREsuE1ZbNXTWH1NW5A2.zs42',98765,'Springfield','Evergreen Terrace','123456789','Maggie')
COMMIT
DISCONNECT
/*C23*/SET SCHEMA PUBLIC
DISCONNECT
/*C24*/SET SCHEMA PUBLIC
DISCONNECT
/*C25*/SET SCHEMA PUBLIC
DISCONNECT
/*C26*/SET SCHEMA PUBLIC
DISCONNECT
/*C27*/SET SCHEMA PUBLIC
DISCONNECT
/*C28*/SET SCHEMA PUBLIC
DISCONNECT
/*C1*/SET SCHEMA SYSTEM_LOBS
INSERT INTO LOB_IDS VALUES(6,25860,0,30)
COMMIT
ALTER SEQUENCE SYSTEM_LOBS.LOB_ID RESTART WITH 7
DELETE FROM BLOCKS WHERE BLOCK_ADDR=5
INSERT INTO BLOCKS VALUES(5,1,0)
INSERT INTO BLOCKS VALUES(6,2147483641,0)
DELETE FROM BLOCKS WHERE BLOCK_ADDR=5
INSERT INTO LOBS VALUES(5,1,0,6)
COMMIT
/*C29*/SET SCHEMA PUBLIC
INSERT INTO FILES VALUES(1,1,6,2)
SET SCHEMA SYSTEM_LOBS
DELETE FROM LOB_IDS WHERE LOB_ID=6
INSERT INTO LOB_IDS VALUES(6,25860,1,30)
COMMIT
SET SCHEMA PUBLIC
DISCONNECT
/*C30*/SET SCHEMA PUBLIC
DISCONNECT
/*C31*/SET SCHEMA PUBLIC
DISCONNECT
/*C32*/SET SCHEMA PUBLIC
DISCONNECT
/*C33*/SET SCHEMA PUBLIC
DISCONNECT
/*C34*/SET SCHEMA PUBLIC
DISCONNECT
/*C35*/SET SCHEMA PUBLIC
DISCONNECT
/*C36*/SET SCHEMA PUBLIC
DISCONNECT
/*C37*/SET SCHEMA PUBLIC
DISCONNECT
